<?xml version="1.0" encoding="UTF-8"?>
<testsuite xmlns:xsi="http://www.w3.org/2001/XMLSchema-instance" xsi:noNamespaceSchemaLocation="https://maven.apache.org/surefire/maven-surefire-plugin/xsd/surefire-test-report-3.0.xsd" version="3.0" name="ma.formation.data.rest.TestArticles" time="19.363" tests="2" errors="0" skipped="0" failures="0">
  <properties>
[...]
</properties>
  <testcase name="testGetArticleById" classname="ma.formation.data.rest.TestArticles" time="3.104">
    <system-out><![CDATA[18:29:24.155 [main] INFO org.springframework.test.context.support.AnnotationConfigContextLoaderUtils -- Could not detect default configuration classes for test class [ma.formation.data.rest.TestArticles]: TestArticles does not declare any static, non-private, non-final, nested classes annotated with @Configuration.
18:29:24.580 [main] INFO org.springframework.boot.test.context.SpringBootTestContextBootstrapper -- Found @SpringBootConfiguration ma.formation.data.rest.MainApplication for test class ma.formation.data.rest.TestArticles

  .   ____          _            __ _ _
 /\\ / ___'_ __ _ _(_)_ __  __ _ \ \ \ \
( ( )\___ | '_ | '_| | '_ \/ _` | \ \ \ \
 \\/  ___)| |_)| | | | | || (_| |  ) ) ) )
  '  |____| .__|_| |_|_| |_\__, | / / / /
 =========|_|==============|___/=/_/_/_/
 :: Spring Boot ::                (v3.1.4)

2025-11-28T18:29:25.972+01:00  INFO 26300 --- [           main] ma.formation.data.rest.TestArticles      : Starting TestArticles using Java 17.0.16 with PID 26300 (started by hp in D:\architecture\tpdatarest-main)
2025-11-28T18:29:25.980+01:00  INFO 26300 --- [           main] ma.formation.data.rest.TestArticles      : No active profile set, falling back to 1 default profile: "default"
2025-11-28T18:29:28.218+01:00  INFO 26300 --- [           main] .s.d.r.c.RepositoryConfigurationDelegate : Bootstrapping Spring Data JPA repositories in DEFAULT mode.
2025-11-28T18:29:28.358+01:00  INFO 26300 --- [           main] .s.d.r.c.RepositoryConfigurationDelegate : Finished Spring Data repository scanning in 123 ms. Found 2 JPA repository interfaces.
2025-11-28T18:29:29.863+01:00  INFO 26300 --- [           main] o.s.b.w.embedded.tomcat.TomcatWebServer  : Tomcat initialized with port(s): 0 (http)
2025-11-28T18:29:29.892+01:00  INFO 26300 --- [           main] o.apache.catalina.core.StandardService   : Starting service [Tomcat]
2025-11-28T18:29:29.893+01:00  INFO 26300 --- [           main] o.apache.catalina.core.StandardEngine    : Starting Servlet engine: [Apache Tomcat/10.1.13]
2025-11-28T18:29:30.128+01:00  INFO 26300 --- [           main] o.a.c.c.C.[Tomcat].[localhost].[/]       : Initializing Spring embedded WebApplicationContext
2025-11-28T18:29:30.131+01:00  INFO 26300 --- [           main] w.s.c.ServletWebServerApplicationContext : Root WebApplicationContext: initialization completed in 4076 ms
2025-11-28T18:29:30.215+01:00  INFO 26300 --- [           main] com.zaxxer.hikari.HikariDataSource       : HikariPool-1 - Starting...
2025-11-28T18:29:30.772+01:00  INFO 26300 --- [           main] com.zaxxer.hikari.pool.HikariPool        : HikariPool-1 - Added connection conn0: url=jdbc:h2:mem:testdb user=SA
2025-11-28T18:29:30.775+01:00  INFO 26300 --- [           main] com.zaxxer.hikari.HikariDataSource       : HikariPool-1 - Start completed.
2025-11-28T18:29:30.800+01:00  INFO 26300 --- [           main] o.s.b.a.h2.H2ConsoleAutoConfiguration    : H2 console available at '/h2'. Database available at 'jdbc:h2:mem:testdb'
2025-11-28T18:29:31.146+01:00  INFO 26300 --- [           main] o.hibernate.jpa.internal.util.LogHelper  : HHH000204: Processing PersistenceUnitInfo [name: default]
2025-11-28T18:29:31.300+01:00  INFO 26300 --- [           main] org.hibernate.Version                    : HHH000412: Hibernate ORM core version 6.2.9.Final
2025-11-28T18:29:31.305+01:00  INFO 26300 --- [           main] org.hibernate.cfg.Environment            : HHH000406: Using bytecode reflection optimizer
2025-11-28T18:29:31.693+01:00  INFO 26300 --- [           main] o.h.b.i.BytecodeProviderInitiator        : HHH000021: Bytecode provider name : bytebuddy
2025-11-28T18:29:32.040+01:00  INFO 26300 --- [           main] o.s.o.j.p.SpringPersistenceUnitInfo      : No LoadTimeWeaver setup: ignoring JPA class transformer
2025-11-28T18:29:32.689+01:00  INFO 26300 --- [           main] o.h.b.i.BytecodeProviderInitiator        : HHH000021: Bytecode provider name : bytebuddy
2025-11-28T18:29:34.194+01:00  INFO 26300 --- [           main] o.h.e.t.j.p.i.JtaPlatformInitiator       : HHH000490: Using JtaPlatform implementation: [org.hibernate.engine.transaction.jta.platform.internal.NoJtaPlatform]
2025-11-28T18:29:34.284+01:00  INFO 26300 --- [           main] j.LocalContainerEntityManagerFactoryBean : Initialized JPA EntityManagerFactory for persistence unit 'default'
2025-11-28T18:29:35.727+01:00  WARN 26300 --- [           main] JpaBaseConfiguration$JpaWebConfiguration : spring.jpa.open-in-view is enabled by default. Therefore, database queries may be performed during view rendering. Explicitly configure spring.jpa.open-in-view to disable this warning
2025-11-28T18:29:37.868+01:00  INFO 26300 --- [           main] o.s.b.w.embedded.tomcat.TomcatWebServer  : Tomcat started on port(s): 52207 (http) with context path ''
2025-11-28T18:29:37.909+01:00  INFO 26300 --- [           main] ma.formation.data.rest.TestArticles      : Started TestArticles in 12.825 seconds (process running for 17.263)
2025-11-28T18:29:40.603+01:00  INFO 26300 --- [           main] o.a.c.c.C.[Tomcat].[localhost].[/]       : Initializing Spring TestDispatcherServlet ''
2025-11-28T18:29:40.604+01:00  INFO 26300 --- [           main] o.s.t.web.servlet.TestDispatcherServlet  : Initializing Servlet ''
2025-11-28T18:29:40.608+01:00  INFO 26300 --- [           main] o.s.t.web.servlet.TestDispatcherServlet  : Completed initialization in 4 ms
]]></system-out>
  </testcase>
  <testcase name="testGetAllArticles" classname="ma.formation.data.rest.TestArticles" time="0.888">
    <system-out><![CDATA[2025-11-28T18:29:42.083+01:00  INFO 26300 --- [           main] o.a.c.c.C.[Tomcat].[localhost].[/]       : Initializing Spring TestDispatcherServlet ''
2025-11-28T18:29:42.083+01:00  INFO 26300 --- [           main] o.s.t.web.servlet.TestDispatcherServlet  : Initializing Servlet ''
2025-11-28T18:29:42.091+01:00  INFO 26300 --- [           main] o.s.t.web.servlet.TestDispatcherServlet  : Completed initialization in 7 ms
]]></system-out>
  </testcase>
</testsuite>